time="2021-04-17 00:00:30" level=warning DataSize=0 HostName=hello53deMacBook-Pro.local Ip="::1" Method=OPTIONS Path=/api/v1/login SpendTime="1 ms" UserAgent="Mozilla/5.0 (Macintosh; Intel Mac OS X 10_15_7) AppleWebKit/537.36 (KHTML, like Gecko) Chrome/89.0.4389.128 Safari/537.36" status=404
time="2021-04-17 00:00:32" level=warning DataSize=0 HostName=hello53deMacBook-Pro.local Ip="::1" Method=OPTIONS Path=/api/v1/login SpendTime="1 ms" UserAgent="Mozilla/5.0 (Macintosh; Intel Mac OS X 10_15_7) AppleWebKit/537.36 (KHTML, like Gecko) Chrome/89.0.4389.128 Safari/537.36" status=404
time="2021-04-17 00:00:32" level=warning DataSize=0 HostName=hello53deMacBook-Pro.local Ip="::1" Method=OPTIONS Path=/api/v1/login SpendTime="1 ms" UserAgent="Mozilla/5.0 (Macintosh; Intel Mac OS X 10_15_7) AppleWebKit/537.36 (KHTML, like Gecko) Chrome/89.0.4389.128 Safari/537.36" status=404
time="2021-04-17 00:00:32" level=warning DataSize=0 HostName=hello53deMacBook-Pro.local Ip="::1" Method=OPTIONS Path=/api/v1/login SpendTime="1 ms" UserAgent="Mozilla/5.0 (Macintosh; Intel Mac OS X 10_15_7) AppleWebKit/537.36 (KHTML, like Gecko) Chrome/89.0.4389.128 Safari/537.36" status=404
time="2021-04-17 00:00:32" level=warning DataSize=0 HostName=hello53deMacBook-Pro.local Ip="::1" Method=OPTIONS Path=/api/v1/login SpendTime="1 ms" UserAgent="Mozilla/5.0 (Macintosh; Intel Mac OS X 10_15_7) AppleWebKit/537.36 (KHTML, like Gecko) Chrome/89.0.4389.128 Safari/537.36" status=404
time="2021-04-17 00:00:33" level=warning DataSize=0 HostName=hello53deMacBook-Pro.local Ip="::1" Method=OPTIONS Path=/api/v1/login SpendTime="1 ms" UserAgent="Mozilla/5.0 (Macintosh; Intel Mac OS X 10_15_7) AppleWebKit/537.36 (KHTML, like Gecko) Chrome/89.0.4389.128 Safari/537.36" status=404
time="2021-04-17 00:00:33" level=warning DataSize=0 HostName=hello53deMacBook-Pro.local Ip="::1" Method=OPTIONS Path=/api/v1/login SpendTime="1 ms" UserAgent="Mozilla/5.0 (Macintosh; Intel Mac OS X 10_15_7) AppleWebKit/537.36 (KHTML, like Gecko) Chrome/89.0.4389.128 Safari/537.36" status=404
time="2021-04-17 00:00:33" level=warning DataSize=0 HostName=hello53deMacBook-Pro.local Ip="::1" Method=OPTIONS Path=/api/v1/login SpendTime="1 ms" UserAgent="Mozilla/5.0 (Macintosh; Intel Mac OS X 10_15_7) AppleWebKit/537.36 (KHTML, like Gecko) Chrome/89.0.4389.128 Safari/537.36" status=404
time="2021-04-17 00:00:33" level=warning DataSize=0 HostName=hello53deMacBook-Pro.local Ip="::1" Method=OPTIONS Path=/api/v1/login SpendTime="1 ms" UserAgent="Mozilla/5.0 (Macintosh; Intel Mac OS X 10_15_7) AppleWebKit/537.36 (KHTML, like Gecko) Chrome/89.0.4389.128 Safari/537.36" status=404
time="2021-04-17 00:00:33" level=warning DataSize=0 HostName=hello53deMacBook-Pro.local Ip="::1" Method=OPTIONS Path=/api/v1/login SpendTime="1 ms" UserAgent="Mozilla/5.0 (Macintosh; Intel Mac OS X 10_15_7) AppleWebKit/537.36 (KHTML, like Gecko) Chrome/89.0.4389.128 Safari/537.36" status=404
time="2021-04-17 00:05:46" level=warning DataSize=0 HostName=hello53deMacBook-Pro.local Ip="::1" Method=OPTIONS Path=/api/v1/login SpendTime="1 ms" UserAgent="Mozilla/5.0 (Macintosh; Intel Mac OS X 10_15_7) AppleWebKit/537.36 (KHTML, like Gecko) Chrome/89.0.4389.128 Safari/537.36" status=404
time="2021-04-17 00:06:05" level=warning DataSize=0 HostName=hello53deMacBook-Pro.local Ip="::1" Method=OPTIONS Path=/api/v1/login SpendTime="1 ms" UserAgent="Mozilla/5.0 (Macintosh; Intel Mac OS X 10_15_7) AppleWebKit/537.36 (KHTML, like Gecko) Chrome/89.0.4389.128 Safari/537.36" status=404
time="2021-04-17 00:06:30" level=warning DataSize=0 HostName=hello53deMacBook-Pro.local Ip="::1" Method=OPTIONS Path=/api/v1/login SpendTime="1 ms" UserAgent="Mozilla/5.0 (Macintosh; Intel Mac OS X 10_15_7) AppleWebKit/537.36 (KHTML, like Gecko) Chrome/89.0.4389.128 Safari/537.36" status=404
time="2021-04-17 00:06:42" level=warning DataSize=0 HostName=hello53deMacBook-Pro.local Ip="::1" Method=OPTIONS Path=/api/v1/login SpendTime="1 ms" UserAgent="Mozilla/5.0 (Macintosh; Intel Mac OS X 10_15_7) AppleWebKit/537.36 (KHTML, like Gecko) Chrome/89.0.4389.128 Safari/537.36" status=404
time="2021-04-17 00:10:29" level=warning DataSize=0 HostName=hello53deMacBook-Pro.local Ip="::1" Method=OPTIONS Path=/api/v1/login SpendTime="1 ms" UserAgent="Mozilla/5.0 (Macintosh; Intel Mac OS X 10_15_7) AppleWebKit/537.36 (KHTML, like Gecko) Chrome/89.0.4389.128 Safari/537.36" status=404
time="2021-04-17 00:10:29" level=warning DataSize=0 HostName=hello53deMacBook-Pro.local Ip="::1" Method=OPTIONS Path=/api/v1/login SpendTime="1 ms" UserAgent="Mozilla/5.0 (Macintosh; Intel Mac OS X 10_15_7) AppleWebKit/537.36 (KHTML, like Gecko) Chrome/89.0.4389.128 Safari/537.36" status=404
time="2021-04-17 00:10:30" level=warning DataSize=0 HostName=hello53deMacBook-Pro.local Ip="::1" Method=OPTIONS Path=/api/v1/login SpendTime="1 ms" UserAgent="Mozilla/5.0 (Macintosh; Intel Mac OS X 10_15_7) AppleWebKit/537.36 (KHTML, like Gecko) Chrome/89.0.4389.128 Safari/537.36" status=404
time="2021-04-17 00:10:30" level=warning DataSize=0 HostName=hello53deMacBook-Pro.local Ip="::1" Method=OPTIONS Path=/api/v1/login SpendTime="1 ms" UserAgent="Mozilla/5.0 (Macintosh; Intel Mac OS X 10_15_7) AppleWebKit/537.36 (KHTML, like Gecko) Chrome/89.0.4389.128 Safari/537.36" status=404
time="2021-04-17 00:10:30" level=warning DataSize=0 HostName=hello53deMacBook-Pro.local Ip="::1" Method=OPTIONS Path=/api/v1/login SpendTime="1 ms" UserAgent="Mozilla/5.0 (Macintosh; Intel Mac OS X 10_15_7) AppleWebKit/537.36 (KHTML, like Gecko) Chrome/89.0.4389.128 Safari/537.36" status=404
time="2021-04-17 00:10:30" level=warning DataSize=0 HostName=hello53deMacBook-Pro.local Ip="::1" Method=OPTIONS Path=/api/v1/login SpendTime="1 ms" UserAgent="Mozilla/5.0 (Macintosh; Intel Mac OS X 10_15_7) AppleWebKit/537.36 (KHTML, like Gecko) Chrome/89.0.4389.128 Safari/537.36" status=404
time="2021-04-17 00:11:51" level=warning DataSize=0 HostName=hello53deMacBook-Pro.local Ip="::1" Method=OPTIONS Path=/api/v1/login SpendTime="1 ms" UserAgent="Mozilla/5.0 (Macintosh; Intel Mac OS X 10_15_7) AppleWebKit/537.36 (KHTML, like Gecko) Chrome/89.0.4389.128 Safari/537.36" status=404
time="2021-04-17 00:30:21" level=warning DataSize=0 HostName=hello53deMacBook-Pro.local Ip="::1" Method=OPTIONS Path=/api/v1/login SpendTime="1 ms" UserAgent="Mozilla/5.0 (Macintosh; Intel Mac OS X 10_15_7) AppleWebKit/537.36 (KHTML, like Gecko) Chrome/89.0.4389.128 Safari/537.36" status=404
time="2021-04-17 00:30:23" level=warning DataSize=0 HostName=hello53deMacBook-Pro.local Ip="::1" Method=OPTIONS Path=/api/v1/login SpendTime="1 ms" UserAgent="Mozilla/5.0 (Macintosh; Intel Mac OS X 10_15_7) AppleWebKit/537.36 (KHTML, like Gecko) Chrome/89.0.4389.128 Safari/537.36" status=404
time="2021-04-17 00:30:23" level=warning DataSize=0 HostName=hello53deMacBook-Pro.local Ip="::1" Method=OPTIONS Path=/api/v1/login SpendTime="1 ms" UserAgent="Mozilla/5.0 (Macintosh; Intel Mac OS X 10_15_7) AppleWebKit/537.36 (KHTML, like Gecko) Chrome/89.0.4389.128 Safari/537.36" status=404
time="2021-04-17 00:30:23" level=warning DataSize=0 HostName=hello53deMacBook-Pro.local Ip="::1" Method=OPTIONS Path=/api/v1/login SpendTime="1 ms" UserAgent="Mozilla/5.0 (Macintosh; Intel Mac OS X 10_15_7) AppleWebKit/537.36 (KHTML, like Gecko) Chrome/89.0.4389.128 Safari/537.36" status=404
time="2021-04-17 00:30:23" level=warning DataSize=0 HostName=hello53deMacBook-Pro.local Ip="::1" Method=OPTIONS Path=/api/v1/login SpendTime="1 ms" UserAgent="Mozilla/5.0 (Macintosh; Intel Mac OS X 10_15_7) AppleWebKit/537.36 (KHTML, like Gecko) Chrome/89.0.4389.128 Safari/537.36" status=404
time="2021-04-17 00:30:23" level=warning DataSize=0 HostName=hello53deMacBook-Pro.local Ip="::1" Method=OPTIONS Path=/api/v1/login SpendTime="1 ms" UserAgent="Mozilla/5.0 (Macintosh; Intel Mac OS X 10_15_7) AppleWebKit/537.36 (KHTML, like Gecko) Chrome/89.0.4389.128 Safari/537.36" status=404
time="2021-04-17 00:30:23" level=warning DataSize=0 HostName=hello53deMacBook-Pro.local Ip="::1" Method=OPTIONS Path=/api/v1/login SpendTime="1 ms" UserAgent="Mozilla/5.0 (Macintosh; Intel Mac OS X 10_15_7) AppleWebKit/537.36 (KHTML, like Gecko) Chrome/89.0.4389.128 Safari/537.36" status=404
time="2021-04-17 00:30:24" level=warning DataSize=0 HostName=hello53deMacBook-Pro.local Ip="::1" Method=OPTIONS Path=/api/v1/login SpendTime="1 ms" UserAgent="Mozilla/5.0 (Macintosh; Intel Mac OS X 10_15_7) AppleWebKit/537.36 (KHTML, like Gecko) Chrome/89.0.4389.128 Safari/537.36" status=404
time="2021-04-17 00:32:42" level=warning DataSize=0 HostName=hello53deMacBook-Pro.local Ip="::1" Method=OPTIONS Path=/api/v1/login SpendTime="1 ms" UserAgent="Mozilla/5.0 (Macintosh; Intel Mac OS X 10_15_7) AppleWebKit/605.1.15 (KHTML, like Gecko) Version/14.0.3 Safari/605.1.15" status=404
time="2021-04-17 00:32:43" level=warning DataSize=0 HostName=hello53deMacBook-Pro.local Ip="::1" Method=OPTIONS Path=/api/v1/login SpendTime="1 ms" UserAgent="Mozilla/5.0 (Macintosh; Intel Mac OS X 10_15_7) AppleWebKit/605.1.15 (KHTML, like Gecko) Version/14.0.3 Safari/605.1.15" status=404
time="2021-04-17 00:32:44" level=warning DataSize=0 HostName=hello53deMacBook-Pro.local Ip="::1" Method=OPTIONS Path=/api/v1/login SpendTime="1 ms" UserAgent="Mozilla/5.0 (Macintosh; Intel Mac OS X 10_15_7) AppleWebKit/605.1.15 (KHTML, like Gecko) Version/14.0.3 Safari/605.1.15" status=404
time="2021-04-17 00:32:44" level=warning DataSize=0 HostName=hello53deMacBook-Pro.local Ip="::1" Method=OPTIONS Path=/api/v1/login SpendTime="1 ms" UserAgent="Mozilla/5.0 (Macintosh; Intel Mac OS X 10_15_7) AppleWebKit/605.1.15 (KHTML, like Gecko) Version/14.0.3 Safari/605.1.15" status=404
time="2021-04-17 00:32:44" level=warning DataSize=0 HostName=hello53deMacBook-Pro.local Ip="::1" Method=OPTIONS Path=/api/v1/login SpendTime="1 ms" UserAgent="Mozilla/5.0 (Macintosh; Intel Mac OS X 10_15_7) AppleWebKit/605.1.15 (KHTML, like Gecko) Version/14.0.3 Safari/605.1.15" status=404
time="2021-04-17 00:32:44" level=warning DataSize=0 HostName=hello53deMacBook-Pro.local Ip="::1" Method=OPTIONS Path=/api/v1/login SpendTime="1 ms" UserAgent="Mozilla/5.0 (Macintosh; Intel Mac OS X 10_15_7) AppleWebKit/605.1.15 (KHTML, like Gecko) Version/14.0.3 Safari/605.1.15" status=404
time="2021-04-17 00:32:44" level=warning DataSize=0 HostName=hello53deMacBook-Pro.local Ip="::1" Method=OPTIONS Path=/api/v1/login SpendTime="1 ms" UserAgent="Mozilla/5.0 (Macintosh; Intel Mac OS X 10_15_7) AppleWebKit/605.1.15 (KHTML, like Gecko) Version/14.0.3 Safari/605.1.15" status=404
time="2021-04-17 00:36:29" level=warning DataSize=0 HostName=hello53deMacBook-Pro.local Ip="::1" Method=OPTIONS Path=/api/v1/login SpendTime="1 ms" UserAgent="Mozilla/5.0 (Macintosh; Intel Mac OS X 10_15_7) AppleWebKit/537.36 (KHTML, like Gecko) Chrome/89.0.4389.128 Safari/537.36" status=404
time="2021-04-17 00:36:30" level=warning DataSize=0 HostName=hello53deMacBook-Pro.local Ip="::1" Method=OPTIONS Path=/api/v1/login SpendTime="1 ms" UserAgent="Mozilla/5.0 (Macintosh; Intel Mac OS X 10_15_7) AppleWebKit/537.36 (KHTML, like Gecko) Chrome/89.0.4389.128 Safari/537.36" status=404
time="2021-04-17 00:38:16" level=info DataSize=0 HostName=hello53deMacBook-Pro.local Ip="::1" Method=OPTIONS Path=/api/v1/login SpendTime="1 ms" UserAgent="Mozilla/5.0 (Macintosh; Intel Mac OS X 10_15_7) AppleWebKit/537.36 (KHTML, like Gecko) Chrome/89.0.4389.128 Safari/537.36" status=204
time="2021-04-17 00:38:17" level=info DataSize=0 HostName=hello53deMacBook-Pro.local Ip="::1" Method=OPTIONS Path=/api/v1/login SpendTime="1 ms" UserAgent="Mozilla/5.0 (Macintosh; Intel Mac OS X 10_15_7) AppleWebKit/537.36 (KHTML, like Gecko) Chrome/89.0.4389.128 Safari/537.36" status=204
time="2021-04-17 00:38:17" level=info DataSize=0 HostName=hello53deMacBook-Pro.local Ip="::1" Method=OPTIONS Path=/api/v1/login SpendTime="1 ms" UserAgent="Mozilla/5.0 (Macintosh; Intel Mac OS X 10_15_7) AppleWebKit/537.36 (KHTML, like Gecko) Chrome/89.0.4389.128 Safari/537.36" status=204
time="2021-04-17 00:38:18" level=info DataSize=0 HostName=hello53deMacBook-Pro.local Ip="::1" Method=OPTIONS Path=/api/v1/login SpendTime="1 ms" UserAgent="Mozilla/5.0 (Macintosh; Intel Mac OS X 10_15_7) AppleWebKit/537.36 (KHTML, like Gecko) Chrome/89.0.4389.128 Safari/537.36" status=204
time="2021-04-17 00:38:29" level=info DataSize=0 HostName=hello53deMacBook-Pro.local Ip="::1" Method=OPTIONS Path=/api/v1/login SpendTime="1 ms" UserAgent="Mozilla/5.0 (Macintosh; Intel Mac OS X 10_15_7) AppleWebKit/537.36 (KHTML, like Gecko) Chrome/89.0.4389.128 Safari/537.36" status=204
time="2021-04-17 00:38:41" level=warning DataSize=0 HostName=hello53deMacBook-Pro.local Ip="::1" Method=GET Path=/api/v1/login SpendTime="1 ms" UserAgent="Mozilla/5.0 (Macintosh; Intel Mac OS X 10_15_7) AppleWebKit/537.36 (KHTML, like Gecko) Chrome/89.0.4389.128 Safari/537.36" status=404
time="2021-04-17 00:39:40" level=info DataSize=0 HostName=hello53deMacBook-Pro.local Ip="::1" Method=OPTIONS Path=/api/v1/login SpendTime="1 ms" UserAgent="Mozilla/5.0 (Macintosh; Intel Mac OS X 10_15_7) AppleWebKit/537.36 (KHTML, like Gecko) Chrome/89.0.4389.128 Safari/537.36" status=204
time="2021-04-17 00:39:50" level=info DataSize=0 HostName=hello53deMacBook-Pro.local Ip="::1" Method=OPTIONS Path=/api/v1/login SpendTime="1 ms" UserAgent="Mozilla/5.0 (Macintosh; Intel Mac OS X 10_15_7) AppleWebKit/537.36 (KHTML, like Gecko) Chrome/89.0.4389.128 Safari/537.36" status=204
time="2021-04-17 00:48:15" level=info DataSize=0 HostName=hello53deMacBook-Pro.local Ip="::1" Method=OPTIONS Path=/api/v1/login SpendTime="1 ms" UserAgent="Mozilla/5.0 (Macintosh; Intel Mac OS X 10_15_7) AppleWebKit/537.36 (KHTML, like Gecko) Chrome/89.0.4389.128 Safari/537.36" status=204
time="2021-04-17 00:56:17" level=info DataSize=0 HostName=hello53deMacBook-Pro.local Ip="::1" Method=OPTIONS Path=/api/v1/login SpendTime="1 ms" UserAgent="Mozilla/5.0 (Macintosh; Intel Mac OS X 10_15_7) AppleWebKit/537.36 (KHTML, like Gecko) Chrome/89.0.4389.128 Safari/537.36" status=204
time="2021-04-17 00:56:17" level=info DataSize=193 HostName=hello53deMacBook-Pro.local Ip="::1" Method=POST Path=/api/v1/login SpendTime="71 ms" UserAgent="Mozilla/5.0 (Macintosh; Intel Mac OS X 10_15_7) AppleWebKit/537.36 (KHTML, like Gecko) Chrome/89.0.4389.128 Safari/537.36" status=200
time="2021-04-17 01:07:25" level=info DataSize=0 HostName=hello53deMacBook-Pro.local Ip="::1" Method=OPTIONS Path=/api/v1/login SpendTime="1 ms" UserAgent="Mozilla/5.0 (Macintosh; Intel Mac OS X 10_15_7) AppleWebKit/537.36 (KHTML, like Gecko) Chrome/89.0.4389.128 Safari/537.36" status=204
time="2021-04-17 01:07:25" level=info DataSize=193 HostName=hello53deMacBook-Pro.local Ip="::1" Method=POST Path=/api/v1/login SpendTime="65 ms" UserAgent="Mozilla/5.0 (Macintosh; Intel Mac OS X 10_15_7) AppleWebKit/537.36 (KHTML, like Gecko) Chrome/89.0.4389.128 Safari/537.36" status=200
time="2021-04-17 01:35:09" level=info DataSize=0 HostName=hello53deMacBook-Pro.local Ip="::1" Method=OPTIONS Path=/api/v1/login SpendTime="1 ms" UserAgent="Mozilla/5.0 (Macintosh; Intel Mac OS X 10_15_7) AppleWebKit/537.36 (KHTML, like Gecko) Chrome/89.0.4389.128 Safari/537.36" status=204
time="2021-04-17 01:35:09" level=info DataSize=193 HostName=hello53deMacBook-Pro.local Ip="::1" Method=POST Path=/api/v1/login SpendTime="72 ms" UserAgent="Mozilla/5.0 (Macintosh; Intel Mac OS X 10_15_7) AppleWebKit/537.36 (KHTML, like Gecko) Chrome/89.0.4389.128 Safari/537.36" status=200
time="2021-04-17 01:35:20" level=info DataSize=0 HostName=hello53deMacBook-Pro.local Ip="::1" Method=OPTIONS Path=/api/v1/login SpendTime="1 ms" UserAgent="Mozilla/5.0 (Macintosh; Intel Mac OS X 10_15_7) AppleWebKit/537.36 (KHTML, like Gecko) Chrome/89.0.4389.128 Safari/537.36" status=204
time="2021-04-17 01:35:20" level=info DataSize=193 HostName=hello53deMacBook-Pro.local Ip="::1" Method=POST Path=/api/v1/login SpendTime="73 ms" UserAgent="Mozilla/5.0 (Macintosh; Intel Mac OS X 10_15_7) AppleWebKit/537.36 (KHTML, like Gecko) Chrome/89.0.4389.128 Safari/537.36" status=200
time="2021-04-17 02:07:01" level=info DataSize=0 HostName=hello53deMacBook-Pro.local Ip="::1" Method=OPTIONS Path=/api/v1/login SpendTime="1 ms" UserAgent="Mozilla/5.0 (Macintosh; Intel Mac OS X 10_15_7) AppleWebKit/537.36 (KHTML, like Gecko) Chrome/89.0.4389.128 Safari/537.36" status=204
time="2021-04-17 02:07:01" level=info DataSize=193 HostName=hello53deMacBook-Pro.local Ip="::1" Method=POST Path=/api/v1/login SpendTime="74 ms" UserAgent="Mozilla/5.0 (Macintosh; Intel Mac OS X 10_15_7) AppleWebKit/537.36 (KHTML, like Gecko) Chrome/89.0.4389.128 Safari/537.36" status=200
time="2021-04-17 02:13:48" level=info DataSize=0 HostName=hello53deMacBook-Pro.local Ip="::1" Method=OPTIONS Path=/api/v1/login SpendTime="1 ms" UserAgent="Mozilla/5.0 (Macintosh; Intel Mac OS X 10_15_7) AppleWebKit/537.36 (KHTML, like Gecko) Chrome/89.0.4389.128 Safari/537.36" status=204
time="2021-04-17 02:13:48" level=info DataSize=193 HostName=hello53deMacBook-Pro.local Ip="::1" Method=POST Path=/api/v1/login SpendTime="74 ms" UserAgent="Mozilla/5.0 (Macintosh; Intel Mac OS X 10_15_7) AppleWebKit/537.36 (KHTML, like Gecko) Chrome/89.0.4389.128 Safari/537.36" status=200
time="2021-04-17 18:33:02" level=info DataSize=40 HostName=hello53deMacBook-Pro.local Ip=127.0.0.1 Method=POST Path=/api/v1/category/1 SpendTime="1 ms" UserAgent="ApiPOST Runtime +https://www.apipost.cn" status=200
time="2021-04-17 18:33:13" level=info DataSize=289 HostName=hello53deMacBook-Pro.local Ip=127.0.0.1 Method=GET Path="/api/v1/categorys?pagesize=2&pagenum=1" SpendTime="23 ms" UserAgent="ApiPOST Runtime +https://www.apipost.cn" status=200
time="2021-04-17 21:09:27" level=info DataSize=0 HostName=hello53deMacBook-Pro.local Ip="::1" Method=OPTIONS Path=/api/v1/login SpendTime="1 ms" UserAgent="Mozilla/5.0 (Macintosh; Intel Mac OS X 10_15_7) AppleWebKit/537.36 (KHTML, like Gecko) Chrome/89.0.4389.128 Safari/537.36" status=204
time="2021-04-17 21:09:27" level=info DataSize=193 HostName=hello53deMacBook-Pro.local Ip="::1" Method=POST Path=/api/v1/login SpendTime="75 ms" UserAgent="Mozilla/5.0 (Macintosh; Intel Mac OS X 10_15_7) AppleWebKit/537.36 (KHTML, like Gecko) Chrome/89.0.4389.128 Safari/537.36" status=200
time="2021-04-17 22:23:21" level=info DataSize=0 HostName=hello53deMacBook-Pro.local Ip="::1" Method=OPTIONS Path=/api/v1/login SpendTime="1 ms" UserAgent="Mozilla/5.0 (Macintosh; Intel Mac OS X 10_15_7) AppleWebKit/537.36 (KHTML, like Gecko) Chrome/89.0.4389.128 Safari/537.36" status=204
time="2021-04-17 22:23:22" level=info DataSize=193 HostName=hello53deMacBook-Pro.local Ip="::1" Method=POST Path=/api/v1/login SpendTime="73 ms" UserAgent="Mozilla/5.0 (Macintosh; Intel Mac OS X 10_15_7) AppleWebKit/537.36 (KHTML, like Gecko) Chrome/89.0.4389.128 Safari/537.36" status=200
time="2021-04-17 22:27:44" level=info DataSize=0 HostName=hello53deMacBook-Pro.local Ip="::1" Method=OPTIONS Path=/api/v1/login SpendTime="1 ms" UserAgent="Mozilla/5.0 (Macintosh; Intel Mac OS X 10_15_7) AppleWebKit/537.36 (KHTML, like Gecko) Chrome/89.0.4389.128 Safari/537.36" status=204
time="2021-04-17 22:27:44" level=info DataSize=193 HostName=hello53deMacBook-Pro.local Ip="::1" Method=POST Path=/api/v1/login SpendTime="70 ms" UserAgent="Mozilla/5.0 (Macintosh; Intel Mac OS X 10_15_7) AppleWebKit/537.36 (KHTML, like Gecko) Chrome/89.0.4389.128 Safari/537.36" status=200
time="2021-04-17 22:31:01" level=info DataSize=0 HostName=hello53deMacBook-Pro.local Ip="::1" Method=OPTIONS Path=/api/v1/login SpendTime="1 ms" UserAgent="Mozilla/5.0 (Macintosh; Intel Mac OS X 10_15_7) AppleWebKit/537.36 (KHTML, like Gecko) Chrome/89.0.4389.128 Safari/537.36" status=204
time="2021-04-17 22:31:01" level=info DataSize=193 HostName=hello53deMacBook-Pro.local Ip="::1" Method=POST Path=/api/v1/login SpendTime="61 ms" UserAgent="Mozilla/5.0 (Macintosh; Intel Mac OS X 10_15_7) AppleWebKit/537.36 (KHTML, like Gecko) Chrome/89.0.4389.128 Safari/537.36" status=200
time="2021-04-17 22:41:23" level=info DataSize=0 HostName=hello53deMacBook-Pro.local Ip="::1" Method=OPTIONS Path=/api/v1/login SpendTime="1 ms" UserAgent="Mozilla/5.0 (Macintosh; Intel Mac OS X 10_15_7) AppleWebKit/537.36 (KHTML, like Gecko) Chrome/89.0.4389.128 Safari/537.36" status=204
time="2021-04-17 22:41:23" level=info DataSize=193 HostName=hello53deMacBook-Pro.local Ip="::1" Method=POST Path=/api/v1/login SpendTime="66 ms" UserAgent="Mozilla/5.0 (Macintosh; Intel Mac OS X 10_15_7) AppleWebKit/537.36 (KHTML, like Gecko) Chrome/89.0.4389.128 Safari/537.36" status=200
time="2021-04-17 22:43:29" level=info DataSize=193 HostName=hello53deMacBook-Pro.local Ip="::1" Method=POST Path=/api/v1/login SpendTime="63 ms" UserAgent="Mozilla/5.0 (Macintosh; Intel Mac OS X 10_15_7) AppleWebKit/537.36 (KHTML, like Gecko) Chrome/89.0.4389.128 Safari/537.36" status=200
time="2021-04-17 22:48:15" level=info DataSize=193 HostName=hello53deMacBook-Pro.local Ip="::1" Method=POST Path=/api/v1/login SpendTime="64 ms" UserAgent="Mozilla/5.0 (Macintosh; Intel Mac OS X 10_15_7) AppleWebKit/537.36 (KHTML, like Gecko) Chrome/89.0.4389.128 Safari/537.36" status=200
time="2021-04-17 23:34:51" level=info DataSize=193 HostName=hello53deMacBook-Pro.local Ip="::1" Method=POST Path=/api/v1/login SpendTime="69 ms" UserAgent="Mozilla/5.0 (Macintosh; Intel Mac OS X 10_15_7) AppleWebKit/537.36 (KHTML, like Gecko) Chrome/89.0.4389.128 Safari/537.36" status=200
time="2021-04-17 23:42:42" level=info DataSize=0 HostName=hello53deMacBook-Pro.local Ip="::1" Method=OPTIONS Path=/api/v1/login SpendTime="1 ms" UserAgent="Mozilla/5.0 (Macintosh; Intel Mac OS X 10_15_7) AppleWebKit/537.36 (KHTML, like Gecko) Chrome/89.0.4389.128 Safari/537.36" status=204
time="2021-04-17 23:42:42" level=info DataSize=193 HostName=hello53deMacBook-Pro.local Ip="::1" Method=POST Path=/api/v1/login SpendTime="74 ms" UserAgent="Mozilla/5.0 (Macintosh; Intel Mac OS X 10_15_7) AppleWebKit/537.36 (KHTML, like Gecko) Chrome/89.0.4389.128 Safari/537.36" status=200
